Start testing: Oct 26 17:32 CEST
----------------------------------------------------------
1/2 Testing: suite_1_test
1/2 Test: suite_1_test
Command: "/mnt/c/projects/unity_testing/tut/cmake_test_example/build/test/suite_1/suite_1_app"
Directory: /mnt/c/projects/unity_testing/tut/cmake_test_example/build/test/suite_1
"suite_1_test" start time: Oct 26 17:32 CEST
Output:
----------------------------------------------------------
/mnt/c/projects/unity_testing/tut/cmake_test_example/test/suite_1/suite_1.c:39:test_my_lib_calc_sum_1:PASS
/mnt/c/projects/unity_testing/tut/cmake_test_example/test/suite_1/suite_1.c:40:test_my_lib_calc_sum_2:PASS

-----------------------
2 Tests 0 Failures 0 Ignored 
OK
<end of output>
Test time =   0.00 sec
----------------------------------------------------------
Test Passed.
"suite_1_test" end time: Oct 26 17:32 CEST
"suite_1_test" time elapsed: 00:00:00
----------------------------------------------------------

2/2 Testing: suite_2_mocker_test
2/2 Test: suite_2_mocker_test
Command: "/mnt/c/projects/unity_testing/tut/cmake_test_example/build/test/mocker_test/suite_2_mocker"
Directory: /mnt/c/projects/unity_testing/tut/cmake_test_example/build/test/mocker_test
"suite_2_mocker_test" start time: Oct 26 17:32 CEST
Output:
----------------------------------------------------------
/mnt/c/projects/unity_testing/tut/cmake_test_example/test/mocker_test/suite_2.c:25:test_my_lib_calc_sum_mocker_1:PASS

-----------------------
1 Tests 0 Failures 0 Ignored 
OK
<end of output>
Test time =   0.00 sec
----------------------------------------------------------
Test Passed.
"suite_2_mocker_test" end time: Oct 26 17:32 CEST
"suite_2_mocker_test" time elapsed: 00:00:00
----------------------------------------------------------

End testing: Oct 26 17:32 CEST
